Porygon Водный Страж из команды зеленых вступает в бой!
PorygonZ Ветер Крыльев из команды белых вступает в бой!
PorygonZ Ветер Крыльев использует атаку Thunder Wave. Противник парализован!. 
Porygon Водный Страж парализован

Porygon Водный Страж использует атаку Thunder Wave. Противник парализован!. 
PorygonZ Ветер Крыльев парализован

Porygon Водный Страж использует атаку Thunder Wave. Противник парализован!. 


PorygonZ Ветер Крыльев использует атаку Signal Beam, сбивает с толку противника. 
Критический удар!
Porygon Водный Страж теряет 109 здоровья.

Porygon Водный Страж использует атаку Psybeam, сбивает с толку противника. 
PorygonZ Ветер Крыльев теряет 23 здоровья.

Porygon Водный Страж использует атаку Thunder Wave. Противник парализован!. 


PorygonZ Ветер Крыльев использует атаку Signal Beam, сбивает с толку противника. 
Критический удар!
Porygon Водный Страж теряет 72 здоровья.

Porygon Водный Страж использует атаку Psybeam, сбивает с толку противника. 
PorygonZ Ветер Крыльев теряет 32 здоровья.

PorygonZ Ветер Крыльев растерянно попадает по себе. 
PorygonZ Ветер Крыльев теряет 13 здоровья.

Porygon Водный Страж использует атаку Psybeam, сбивает с толку противника. 
Критический удар!
PorygonZ Ветер Крыльев теряет 71 здоровья.

PorygonZ Ветер Крыльев использует атаку Thunder Wave. Противник парализован!. 


PorygonZ Ветер Крыльев растерянно попадает по себе. 
PorygonZ Ветер Крыльев теряет 21 здоровья.


Porygon Водный Страж использует атаку Psybeam, сбивает с толку противника. 
Критический удар!
PorygonZ Ветер Крыльев теряет 68 здоровья.


Porygon Водный Страж использует атаку Thunder Wave. Противник парализован!. 


PorygonZ Ветер Крыльев промахивается


PorygonZ Ветер Крыльев использует атаку Signal Beam, сбивает с толку противника. 
Критический удар!
Porygon Водный Страж теряет 121 здоровья.
Porygon Водный Страж теряет сознание.
Porygon2 Небесный Клюв из команды зеленых вступает в бой!
Porygon2 Небесный Клюв использует атаку Thunder Wave. Противник парализован!. 


Porygon2 Небесный Клюв использует атаку Thunder Wave. Противник парализован!. 


Porygon2 Небесный Клюв использует атаку Psybeam, сбивает с толку противника. 
Критический удар!
PorygonZ Ветер Крыльев теряет 73 здоровья.
PorygonZ Ветер Крыльев теряет сознание.
Tirtouga Каменный Защитник из команды белых вступает в бой!
Porygon2 Небесный Клюв использует атаку Psybeam, сбивает с толку противника. 
Tirtouga Каменный Защитник теряет 53 здоровья.

Tirtouga Каменный Защитник использует атаку Scald, ошпаривает водой противника. 
Porygon2 Небесный Клюв теряет 40 здоровья.

Porygon2 Небесный Клюв использует атаку Psybeam, сбивает с толку противника. 
Tirtouga Каменный Защитник теряет 56 здоровья.

Tirtouga Каменный Защитник использует атаку Ancient Power, повышая все свои характеристики сразу. 
Porygon2 Небесный Клюв теряет 28 здоровья.

Porygon2 Небесный Клюв использует атаку Psybeam, сбивает с толку противника. 
Критический удар!
Tirtouga Каменный Защитник теряет 71 здоровья.

Tirtouga Каменный Защитник использует атаку Ancient Power, повышая все свои характеристики сразу. 
Porygon2 Небесный Клюв теряет 20 здоровья.

Porygon2 Небесный Клюв использует атаку Psybeam, сбивает с толку противника. 
Tirtouga Каменный Защитник теряет 65 здоровья.
Tirtouga Каменный Защитник теряет сознание.
Tropius Великан Листолом из команды белых вступает в бой!
Porygon2 Небесный Клюв использует атаку Psybeam, сбивает с толку противника. 
Tropius Великан Листолом теряет 46 здоровья.

Tropius Великан Листолом использует атаку Steel Wing, бьёт противника стальными крыльями. 
Porygon2 Небесный Клюв теряет 15 здоровья.

Porygon2 Небесный Клюв использует атаку Psybeam, сбивает с толку противника. 
Tropius Великан Листолом теряет 50 здоровья.

Tropius Великан Листолом промахивается

Porygon2 Небесный Клюв использует атаку Thunder Wave. Противник парализован!. 
Tropius Великан Листолом парализован

Tropius Великан Листолом использует атаку Facade. 
Porygon2 Небесный Клюв теряет 21 здоровья.

Tropius Великан Листолом использует атаку Steel Wing, бьёт противника стальными крыльями. 
Porygon2 Небесный Клюв теряет 12 здоровья.

Porygon2 Небесный Клюв использует атаку Thunder Wave. Противник парализован!. 

Tropius Великан Листолом наносит удары с помощью атаки Bullet Seed. 
Критический удар!
Porygon2 Небесный Клюв теряет 253 здоровья.
Porygon2 Небесный Клюв теряет сознание.
Carracosta Титан Скальных Глубин из команды зеленых вступает в бой!
Carracosta Титан Скальных Глубин промахивается


Carracosta Титан Скальных Глубин промахивается


Tropius Великан Листолом наносит удары с помощью атаки Bullet Seed. 
Carracosta Титан Скальных Глубин теряет 258 здоровья.
Carracosta Титан Скальных Глубин теряет сознание.
В команде зеленых не осталось покемонов.
Команда белых побеждает в этом бою!
